<?xml version="1.0" encoding="UTF-8"?>
<!-- Generated by org.testng.reporters.JUnitReportReporter -->
<testsuite skipped="0" hostname="macbooks-MacBook-Pro.local" name="com.sybetech.business.frameworks.TicTacToeGameMoveTestngTest" tests="5" failures="0" timestamp="16 Jun 2019 02:38:03 GMT" time="0.015" errors="0">
  <testcase name="whenInstantiated_ThenIdIsSet" time="0.002" classname="com.sybetech.business.frameworks.TicTacToeGameMoveTestngTest"/>
  <testcase name="whenInstantiated_ThenXIsSet" time="0.001" classname="com.sybetech.business.frameworks.TicTacToeGameMoveTestngTest"/>
  <testcase name="whenInstantiated_ThenAllowedCharsAreOandX" time="0.010" classname="com.sybetech.business.frameworks.TicTacToeGameMoveTestngTest"/>
  <testcase name="whenInstantiated_ThenYIsSet" time="0.001" classname="com.sybetech.business.frameworks.TicTacToeGameMoveTestngTest"/>
  <testcase name="whenInstantiated_ThenPlayerIsSet" time="0.001" classname="com.sybetech.business.frameworks.TicTacToeGameMoveTestngTest"/>
</testsuite> <!-- com.sybetech.business.frameworks.TicTacToeGameMoveTestngTest -->
